<?xml version="1.0" encoding="UTF-8"?>
<!-- Generated by org.testng.reporters.JUnitXMLReporter -->
<testsuite ignored="3" hostname="DESKTOP-RNENIC8" failures="0" tests="1" name="Default test" time="36.482" errors="0" timestamp="2025-01-19T01:27:36 AST">
  <testcase classname="mypackage.Data_base" name="ReadTheUpdatedData" time="2.681"/>
  <testcase classname="mypackage.Data_base" name="DeleteCustomer" time="0.0">
    <ignored/>
  </testcase> <!-- DeleteCustomer -->
  <testcase classname="mypackage.Data_base" name="UpdateCustomerInfo" time="0.0">
    <ignored/>
  </testcase> <!-- UpdateCustomerInfo -->
  <testcase classname="mypackage.Data_base" name="AddNewCustomer" time="0.0">
    <ignored/>
  </testcase> <!-- AddNewCustomer -->
</testsuite> <!-- Default test -->
